[debug] [2023-07-10T13:23:02.729Z] ----------------------------------------------------------------------
[debug] [2023-07-10T13:23:02.735Z] Command:       C:\Program Files\nodejs\node.exe C:\Users\HP\AppData\Roaming\npm\node_modules\firebase-tools\lib\bin\firebase.js init
[debug] [2023-07-10T13:23:02.737Z] CLI Version:   12.0.0
[debug] [2023-07-10T13:23:02.737Z] Platform:      win32
[debug] [2023-07-10T13:23:02.738Z] Node Version:  v18.12.1
[debug] [2023-07-10T13:23:02.746Z] Time:          Mon Jul 10 2023 18:53:02 GMT+0530 (India Standard Time)
[debug] [2023-07-10T13:23:02.747Z] ----------------------------------------------------------------------
[debug] 
[debug] [2023-07-10T13:23:02.760Z] >>> [apiv2][query] GET https://firebase-public.firebaseio.com/cli.json [none]
[debug] [2023-07-10T13:23:03.155Z] > command requires scopes: ["email","openid","https://www.googleapis.com/auth/cloudplatformprojects.readonly","https://www.googleapis.com/auth/firebase","https://www.googleapis.com/auth/cloud-platform"]
[debug] [2023-07-10T13:23:03.156Z] > authorizing via signed-in user (gautamsajwan8126@gmail.com)
[info] 
     ######## #### ########  ######## ########     ###     ######  ########
     ##        ##  ##     ## ##       ##     ##  ##   ##  ##       ##
     ######    ##  ########  ######   ########  #########  ######  ######
     ##        ##  ##    ##  ##       ##     ## ##     ##       ## ##
     ##       #### ##     ## ######## ########  ##     ##  ######  ########

You're about to initialize a Firebase project in this directory:

  F:\amzn clone\Amazon-clone\amazon-clone

Before we get started, keep in mind:

  * You are initializing within an existing Firebase project directory

[debug] [2023-07-10T13:23:06.398Z] <<< [apiv2][status] GET https://firebase-public.firebaseio.com/cli.json 200
[debug] [2023-07-10T13:23:06.403Z] <<< [apiv2][body] GET https://firebase-public.firebaseio.com/cli.json {"cloudBuildErrorAfter":1594252800000,"cloudBuildWarnAfter":1590019200000,"defaultNode10After":1594252800000,"minVersion":"3.0.5","node8DeploysDisabledAfter":1613390400000,"node8RuntimeDisabledAfter":1615809600000,"node8WarnAfter":1600128000000}
[info] 
=== Project Setup
[info] 
[info] First, let's associate this project directory with a Firebase project.
[info] You can create multiple project aliases by running firebase use --add, 
[info] but for now we'll just set up a default project.
[info] 
[debug] [2023-07-10T13:23:13.619Z] Using project from CLI flag: challenge-25608
[debug] [2023-07-10T13:23:13.622Z] > refreshing access token with scopes: []
[debug] [2023-07-10T13:23:13.624Z] >>> [apiv2][query] POST https://www.googleapis.com/oauth2/v3/token [none]
[debug] [2023-07-10T13:23:13.624Z] >>> [apiv2][body] POST https://www.googleapis.com/oauth2/v3/token [omitted]
[debug] [2023-07-10T13:23:14.478Z] <<< [apiv2][status] POST https://www.googleapis.com/oauth2/v3/token 200
[debug] [2023-07-10T13:23:14.478Z] <<< [apiv2][body] POST https://www.googleapis.com/oauth2/v3/token [omitted]
[debug] [2023-07-10T13:23:14.498Z] >>> [apiv2][query] GET https://firebase.googleapis.com/v1beta1/projects/challenge-25608 [none]
[debug] [2023-07-10T13:23:15.697Z] <<< [apiv2][status] GET https://firebase.googleapis.com/v1beta1/projects/challenge-25608 200
[debug] [2023-07-10T13:23:15.697Z] <<< [apiv2][body] GET https://firebase.googleapis.com/v1beta1/projects/challenge-25608 {"projectId":"challenge-25608","projectNumber":"943303587826","displayName":"Amazon-clone","name":"projects/challenge-25608","resources":{"hostingSite":"challenge-25608"},"state":"ACTIVE","etag":"1_ed7d1dcc-5b37-4aab-be74-f73d7f41f460"}
[info] i  Using project challenge-25608 (Amazon-clone) 
[info] 
=== Hosting Setup
[info] 
[info] Your public directory is the folder (relative to your project directory) that
[info] will contain Hosting assets to be uploaded with firebase deploy. If you
[info] have a build process for your assets, use your build's output directory.
[info] 
[debug] [2023-07-10T13:24:31.116Z] ----------------------------------------------------------------------
[debug] [2023-07-10T13:24:31.121Z] Command:       C:\Program Files\nodejs\node.exe C:\Users\HP\AppData\Roaming\npm\node_modules\firebase-tools\lib\bin\firebase.js init
[debug] [2023-07-10T13:24:31.123Z] CLI Version:   12.0.0
[debug] [2023-07-10T13:24:31.124Z] Platform:      win32
[debug] [2023-07-10T13:24:31.124Z] Node Version:  v18.12.1
[debug] [2023-07-10T13:24:31.127Z] Time:          Mon Jul 10 2023 18:54:31 GMT+0530 (India Standard Time)
[debug] [2023-07-10T13:24:31.128Z] ----------------------------------------------------------------------
[debug] 
[debug] [2023-07-10T13:24:31.334Z] > command requires scopes: ["email","openid","https://www.googleapis.com/auth/cloudplatformprojects.readonly","https://www.googleapis.com/auth/firebase","https://www.googleapis.com/auth/cloud-platform"]
[debug] [2023-07-10T13:24:31.336Z] > authorizing via signed-in user (gautamsajwan8126@gmail.com)
[info] 
     ######## #### ########  ######## ########     ###     ######  ########
     ##        ##  ##     ## ##       ##     ##  ##   ##  ##       ##
     ######    ##  ########  ######   ########  #########  ######  ######
     ##        ##  ##    ##  ##       ##     ## ##     ##       ## ##
     ##       #### ##     ## ######## ########  ##     ##  ######  ########

You're about to initialize a Firebase project in this directory:

  F:\amzn clone\Amazon-clone\amazon-clone

Before we get started, keep in mind:

  * You are initializing within an existing Firebase project directory

[info] 
=== Project Setup
[info] 
[info] First, let's associate this project directory with a Firebase project.
[info] You can create multiple project aliases by running firebase use --add, 
[info] but for now we'll just set up a default project.
[info] 
[debug] [2023-07-10T13:24:37.271Z] Using project from CLI flag: challenge-25608
[debug] [2023-07-10T13:24:37.280Z] >>> [apiv2][query] GET https://firebase.googleapis.com/v1beta1/projects/challenge-25608 [none]
[debug] [2023-07-10T13:24:38.349Z] <<< [apiv2][status] GET https://firebase.googleapis.com/v1beta1/projects/challenge-25608 200
[debug] [2023-07-10T13:24:38.350Z] <<< [apiv2][body] GET https://firebase.googleapis.com/v1beta1/projects/challenge-25608 {"projectId":"challenge-25608","projectNumber":"943303587826","displayName":"Amazon-clone","name":"projects/challenge-25608","resources":{"hostingSite":"challenge-25608"},"state":"ACTIVE","etag":"1_ed7d1dcc-5b37-4aab-be74-f73d7f41f460"}
[info] i  Using project challenge-25608 (Amazon-clone) 
[info] 
=== Hosting Setup
[info] 
[info] Your public directory is the folder (relative to your project directory) that
[info] will contain Hosting assets to be uploaded with firebase deploy. If you
[info] have a build process for your assets, use your build's output directory.
[info] 
